  scene.cpp
c:\users\serg\documents\visual studio 2017\projects\fotorealystic_1\fotorealystic_1\vector3.h(7): warning C4099: Vector3: имя типа, ранее отображенное с помощью "class", теперь отображено с помощью "struct"
  c:\users\serg\documents\visual studio 2017\projects\fotorealystic_1\fotorealystic_1\vector3.h(6): note:  см. объявление "Vector3"
c:\users\serg\documents\visual studio 2017\projects\fotorealystic_1\fotorealystic_1\matrix4x4.h(8): warning C4099: Vector3: имя типа, ранее отображенное с помощью "struct", теперь отображено с помощью "class"
  c:\users\serg\documents\visual studio 2017\projects\fotorealystic_1\fotorealystic_1\vector3.h(7): note:  см. объявление "Vector3"
c:\users\serg\documents\visual studio 2017\projects\fotorealystic_1\fotorealystic_1\light.h(6): warning C4099: Vector3: имя типа, ранее отображенное с помощью "struct", теперь отображено с помощью "class"
  c:\users\serg\documents\visual studio 2017\projects\fotorealystic_1\fotorealystic_1\matrix4x4.h(8): note:  см. объявление "Vector3"
  render.cpp
c:\users\serg\documents\visual studio 2017\projects\fotorealystic_1\fotorealystic_1\vector3.h(7): warning C4099: Vector3: имя типа, ранее отображенное с помощью "class", теперь отображено с помощью "struct"
  c:\users\serg\documents\visual studio 2017\projects\fotorealystic_1\fotorealystic_1\vector3.h(6): note:  см. объявление "Vector3"
c:\users\serg\documents\visual studio 2017\projects\fotorealystic_1\fotorealystic_1\matrix4x4.h(8): warning C4099: Vector3: имя типа, ранее отображенное с помощью "struct", теперь отображено с помощью "class"
  c:\users\serg\documents\visual studio 2017\projects\fotorealystic_1\fotorealystic_1\vector3.h(7): note:  см. объявление "Vector3"
  camera.cpp
c:\users\serg\documents\visual studio 2017\projects\fotorealystic_1\fotorealystic_1\matrix4x4.h(8): warning C4099: Vector3: имя типа, ранее отображенное с помощью "struct", теперь отображено с помощью "class"
  c:\users\serg\documents\visual studio 2017\projects\fotorealystic_1\fotorealystic_1\vector3.h(7): note:  см. объявление "Vector3"
c:\users\serg\documents\visual studio 2017\projects\fotorealystic_1\fotorealystic_1\camera.cpp(6): warning C4244: аргумент: преобразование "double" в "int", возможна потеря данных
  Создание кода...
  Компиляция...
  main.cpp
c:\users\serg\documents\visual studio 2017\projects\fotorealystic_1\fotorealystic_1\material.h(5): warning C4099: Vector3: имя типа, ранее отображенное с помощью "struct", теперь отображено с помощью "class"
  c:\users\serg\documents\visual studio 2017\projects\fotorealystic_1\fotorealystic_1\vector3.h(7): note:  см. объявление "Vector3"
c:\users\serg\documents\visual studio 2017\projects\fotorealystic_1\fotorealystic_1\matrix4x4.h(8): warning C4099: Vector3: имя типа, ранее отображенное с помощью "struct", теперь отображено с помощью "class"
  c:\users\serg\documents\visual studio 2017\projects\fotorealystic_1\fotorealystic_1\material.h(5): note:  см. объявление "Vector3"
c:\users\serg\documents\visual studio 2017\projects\fotorealystic_1\fotorealystic_1\light.h(6): warning C4099: Vector3: имя типа, ранее отображенное с помощью "struct", теперь отображено с помощью "class"
  c:\users\serg\documents\visual studio 2017\projects\fotorealystic_1\fotorealystic_1\matrix4x4.h(8): note:  см. объявление "Vector3"
c:\users\serg\documents\visual studio 2017\projects\fotorealystic_1\fotorealystic_1\triangle.h(7): warning C4099: Intersection: имя типа, ранее отображенное с помощью "struct", теперь отображено с помощью "class"
  c:\users\serg\documents\visual studio 2017\projects\fotorealystic_1\fotorealystic_1\object.h(10): note:  см. объявление "Intersection"
  Создание кода...
  Fotorealystic_1.vcxproj -> C:\Users\Serg\documents\visual studio 2017\Projects\Fotorealystic_1\Debug\Fotorealystic_1.exe
  Fotorealystic_1.vcxproj -> C:\Users\Serg\documents\visual studio 2017\Projects\Fotorealystic_1\Debug\Fotorealystic_1.pdb (Partial PDB)
