c:\users\serg\documents\visual studio 2017\projects\fotorealystic_1\fotorealystic_1\debug\vc141.pdb
c:\users\serg\documents\visual studio 2017\projects\fotorealystic_1\fotorealystic_1\debug\vc141.idb
c:\users\serg\documents\visual studio 2017\projects\fotorealystic_1\fotorealystic_1\debug\sphere.obj
c:\users\serg\documents\visual studio 2017\projects\fotorealystic_1\fotorealystic_1\debug\main.obj
c:\users\serg\documents\visual studio 2017\projects\fotorealystic_1\fotorealystic_1\debug\plane.obj
c:\users\serg\documents\visual studio 2017\projects\fotorealystic_1\fotorealystic_1\debug\ray.obj
c:\users\serg\documents\visual studio 2017\projects\fotorealystic_1\fotorealystic_1\debug\camera.obj
c:\users\serg\documents\visual studio 2017\projects\fotorealystic_1\fotorealystic_1\debug\transform.obj
c:\users\serg\documents\visual studio 2017\projects\fotorealystic_1\fotorealystic_1\debug\matrix4x4.obj
c:\users\serg\documents\visual studio 2017\projects\fotorealystic_1\fotorealystic_1\debug\vector3.obj
c:\users\serg\documents\visual studio 2017\projects\fotorealystic_1\fotorealystic_1\debug\vector4.obj
c:\users\serg\documents\visual studio 2017\projects\fotorealystic_1\fotorealystic_1\debug\scene.obj
c:\users\serg\documents\visual studio 2017\projects\fotorealystic_1\fotorealystic_1\debug\color.obj
c:\users\serg\documents\visual studio 2017\projects\fotorealystic_1\fotorealystic_1\debug\render.obj
c:\users\serg\documents\visual studio 2017\projects\fotorealystic_1\fotorealystic_1\debug\light.obj
c:\users\serg\documents\visual studio 2017\projects\fotorealystic_1\fotorealystic_1\debug\material.obj
c:\users\serg\documents\visual studio 2017\projects\fotorealystic_1\fotorealystic_1\debug\object.obj
c:\users\serg\documents\visual studio 2017\projects\fotorealystic_1\fotorealystic_1\debug\triangle.obj
c:\users\serg\documents\visual studio 2017\projects\fotorealystic_1\debug\fotorealystic_1.ilk
c:\users\serg\documents\visual studio 2017\projects\fotorealystic_1\debug\fotorealystic_1.exe
c:\users\serg\documents\visual studio 2017\projects\fotorealystic_1\debug\fotorealystic_1.pdb
c:\users\serg\documents\visual studio 2017\projects\fotorealystic_1\fotorealystic_1\debug\scene.obj.enc
c:\users\serg\documents\visual studio 2017\projects\fotorealystic_1\fotorealystic_1\debug\fotorealystic_1.tlog\cl.command.1.tlog
c:\users\serg\documents\visual studio 2017\projects\fotorealystic_1\fotorealystic_1\debug\fotorealystic_1.tlog\cl.read.1.tlog
c:\users\serg\documents\visual studio 2017\projects\fotorealystic_1\fotorealystic_1\debug\fotorealystic_1.tlog\cl.write.1.tlog
c:\users\serg\documents\visual studio 2017\projects\fotorealystic_1\fotorealystic_1\debug\fotorealystic_1.tlog\link.command.1.tlog
c:\users\serg\documents\visual studio 2017\projects\fotorealystic_1\fotorealystic_1\debug\fotorealystic_1.tlog\link.read.1.tlog
c:\users\serg\documents\visual studio 2017\projects\fotorealystic_1\fotorealystic_1\debug\fotorealystic_1.tlog\link.write.1.tlog
