  triangle.cpp
c:\users\serg\documents\visual studio 2017\projects\fotorealystic_1\fotorealystic_1\material.h(9): warning C4099: Color: имя типа, ранее отображенное с помощью "struct", теперь отображено с помощью "class"
  c:\users\serg\documents\visual studio 2017\projects\fotorealystic_1\fotorealystic_1\color.h(7): note:  см. объявление "Color"
c:\users\serg\documents\visual studio 2017\projects\fotorealystic_1\fotorealystic_1\vector3.h(7): warning C4099: Vector3: имя типа, ранее отображенное с помощью "class", теперь отображено с помощью "struct"
  c:\users\serg\documents\visual studio 2017\projects\fotorealystic_1\fotorealystic_1\vector3.h(6): note:  см. объявление "Vector3"
c:\users\serg\documents\visual studio 2017\projects\fotorealystic_1\fotorealystic_1\object.h(14): warning C4099: Intersection: имя типа, ранее отображенное с помощью "class", теперь отображено с помощью "struct"
  c:\users\serg\documents\visual studio 2017\projects\fotorealystic_1\fotorealystic_1\object.h(13): note:  см. объявление "Intersection"
c:\users\serg\documents\visual studio 2017\projects\fotorealystic_1\fotorealystic_1\triangle.h(8): warning C4099: Intersection: имя типа, ранее отображенное с помощью "struct", теперь отображено с помощью "class"
  c:\users\serg\documents\visual studio 2017\projects\fotorealystic_1\fotorealystic_1\object.h(14): note:  см. объявление "Intersection"
  sphere.cpp
c:\users\serg\documents\visual studio 2017\projects\fotorealystic_1\fotorealystic_1\material.h(9): warning C4099: Color: имя типа, ранее отображенное с помощью "struct", теперь отображено с помощью "class"
  c:\users\serg\documents\visual studio 2017\projects\fotorealystic_1\fotorealystic_1\color.h(7): note:  см. объявление "Color"
c:\users\serg\documents\visual studio 2017\projects\fotorealystic_1\fotorealystic_1\phongmaterial.h(9): warning C4099: Vector3: имя типа, ранее отображенное с помощью "struct", теперь отображено с помощью "class"
  c:\users\serg\documents\visual studio 2017\projects\fotorealystic_1\fotorealystic_1\vector3.h(7): note:  см. объявление "Vector3"
c:\users\serg\documents\visual studio 2017\projects\fotorealystic_1\fotorealystic_1\object.h(14): warning C4099: Intersection: имя типа, ранее отображенное с помощью "class", теперь отображено с помощью "struct"
  c:\users\serg\documents\visual studio 2017\projects\fotorealystic_1\fotorealystic_1\object.h(13): note:  см. объявление "Intersection"
  scene.cpp
c:\users\serg\documents\visual studio 2017\projects\fotorealystic_1\fotorealystic_1\material.h(9): warning C4099: Color: имя типа, ранее отображенное с помощью "struct", теперь отображено с помощью "class"
  c:\users\serg\documents\visual studio 2017\projects\fotorealystic_1\fotorealystic_1\color.h(7): note:  см. объявление "Color"
c:\users\serg\documents\visual studio 2017\projects\fotorealystic_1\fotorealystic_1\vector3.h(7): warning C4099: Vector3: имя типа, ранее отображенное с помощью "class", теперь отображено с помощью "struct"
  c:\users\serg\documents\visual studio 2017\projects\fotorealystic_1\fotorealystic_1\vector3.h(6): note:  см. объявление "Vector3"
c:\users\serg\documents\visual studio 2017\projects\fotorealystic_1\fotorealystic_1\object.h(14): warning C4099: Intersection: имя типа, ранее отображенное с помощью "class", теперь отображено с помощью "struct"
  c:\users\serg\documents\visual studio 2017\projects\fotorealystic_1\fotorealystic_1\object.h(13): note:  см. объявление "Intersection"
c:\users\serg\documents\visual studio 2017\projects\fotorealystic_1\fotorealystic_1\matrix4x4.h(8): warning C4099: Vector3: имя типа, ранее отображенное с помощью "struct", теперь отображено с помощью "class"
  c:\users\serg\documents\visual studio 2017\projects\fotorealystic_1\fotorealystic_1\vector3.h(7): note:  см. объявление "Vector3"
c:\users\serg\documents\visual studio 2017\projects\fotorealystic_1\fotorealystic_1\light.h(8): warning C4099: Vector3: имя типа, ранее отображенное с помощью "struct", теперь отображено с помощью "class"
  c:\users\serg\documents\visual studio 2017\projects\fotorealystic_1\fotorealystic_1\matrix4x4.h(8): note:  см. объявление "Vector3"
c:\users\serg\documents\visual studio 2017\projects\fotorealystic_1\fotorealystic_1\scene.cpp(70): warning C4244: аргумент: преобразование "double" в "int", возможна потеря данных
  render.cpp
c:\users\serg\documents\visual studio 2017\projects\fotorealystic_1\fotorealystic_1\material.h(9): warning C4099: Color: имя типа, ранее отображенное с помощью "struct", теперь отображено с помощью "class"
  c:\users\serg\documents\visual studio 2017\projects\fotorealystic_1\fotorealystic_1\color.h(7): note:  см. объявление "Color"
c:\users\serg\documents\visual studio 2017\projects\fotorealystic_1\fotorealystic_1\vector3.h(7): warning C4099: Vector3: имя типа, ранее отображенное с помощью "class", теперь отображено с помощью "struct"
  c:\users\serg\documents\visual studio 2017\projects\fotorealystic_1\fotorealystic_1\vector3.h(6): note:  см. объявление "Vector3"
c:\users\serg\documents\visual studio 2017\projects\fotorealystic_1\fotorealystic_1\object.h(14): warning C4099: Intersection: имя типа, ранее отображенное с помощью "class", теперь отображено с помощью "struct"
  c:\users\serg\documents\visual studio 2017\projects\fotorealystic_1\fotorealystic_1\object.h(13): note:  см. объявление "Intersection"
c:\users\serg\documents\visual studio 2017\projects\fotorealystic_1\fotorealystic_1\matrix4x4.h(8): warning C4099: Vector3: имя типа, ранее отображенное с помощью "struct", теперь отображено с помощью "class"
  c:\users\serg\documents\visual studio 2017\projects\fotorealystic_1\fotorealystic_1\vector3.h(7): note:  см. объявление "Vector3"
c:\users\serg\documents\visual studio 2017\projects\fotorealystic_1\fotorealystic_1\image.h(7): warning C4099: Color: имя типа, ранее отображенное с помощью "struct", теперь отображено с помощью "class"
  c:\users\serg\documents\visual studio 2017\projects\fotorealystic_1\fotorealystic_1\material.h(9): note:  см. объявление "Color"
  refractiveMaterial.cpp
c:\users\serg\documents\visual studio 2017\projects\fotorealystic_1\fotorealystic_1\matrix4x4.h(8): warning C4099: Vector3: имя типа, ранее отображенное с помощью "struct", теперь отображено с помощью "class"
  c:\users\serg\documents\visual studio 2017\projects\fotorealystic_1\fotorealystic_1\vector3.h(7): note:  см. объявление "Vector3"
c:\users\serg\documents\visual studio 2017\projects\fotorealystic_1\fotorealystic_1\color.h(7): warning C4099: Color: имя типа, ранее отображенное с помощью "class", теперь отображено с помощью "struct"
  c:\users\serg\documents\visual studio 2017\projects\fotorealystic_1\fotorealystic_1\color.h(6): note:  см. объявление "Color"
c:\users\serg\documents\visual studio 2017\projects\fotorealystic_1\fotorealystic_1\light.h(8): warning C4099: Vector3: имя типа, ранее отображенное с помощью "struct", теперь отображено с помощью "class"
  c:\users\serg\documents\visual studio 2017\projects\fotorealystic_1\fotorealystic_1\matrix4x4.h(8): note:  см. объявление "Vector3"
c:\users\serg\documents\visual studio 2017\projects\fotorealystic_1\fotorealystic_1\phongmaterial.h(9): warning C4099: Vector3: имя типа, ранее отображенное с помощью "struct", теперь отображено с помощью "class"
  c:\users\serg\documents\visual studio 2017\projects\fotorealystic_1\fotorealystic_1\light.h(8): note:  см. объявление "Vector3"
c:\users\serg\documents\visual studio 2017\projects\fotorealystic_1\fotorealystic_1\object.h(14): warning C4099: Intersection: имя типа, ранее отображенное с помощью "class", теперь отображено с помощью "struct"
  c:\users\serg\documents\visual studio 2017\projects\fotorealystic_1\fotorealystic_1\object.h(13): note:  см. объявление "Intersection"
  reflectiveMaterial.cpp
c:\users\serg\documents\visual studio 2017\projects\fotorealystic_1\fotorealystic_1\color.h(7): warning C4099: Color: имя типа, ранее отображенное с помощью "class", теперь отображено с помощью "struct"
  c:\users\serg\documents\visual studio 2017\projects\fotorealystic_1\fotorealystic_1\color.h(6): note:  см. объявление "Color"
c:\users\serg\documents\visual studio 2017\projects\fotorealystic_1\fotorealystic_1\vector3.h(7): warning C4099: Vector3: имя типа, ранее отображенное с помощью "class", теперь отображено с помощью "struct"
  c:\users\serg\documents\visual studio 2017\projects\fotorealystic_1\fotorealystic_1\vector3.h(6): note:  см. объявление "Vector3"
c:\users\serg\documents\visual studio 2017\projects\fotorealystic_1\fotorealystic_1\object.h(14): warning C4099: Intersection: имя типа, ранее отображенное с помощью "class", теперь отображено с помощью "struct"
  c:\users\serg\documents\visual studio 2017\projects\fotorealystic_1\fotorealystic_1\object.h(13): note:  см. объявление "Intersection"
c:\users\serg\documents\visual studio 2017\projects\fotorealystic_1\fotorealystic_1\matrix4x4.h(8): warning C4099: Vector3: имя типа, ранее отображенное с помощью "struct", теперь отображено с помощью "class"
  c:\users\serg\documents\visual studio 2017\projects\fotorealystic_1\fotorealystic_1\vector3.h(7): note:  см. объявление "Vector3"
c:\users\serg\documents\visual studio 2017\projects\fotorealystic_1\fotorealystic_1\light.h(8): warning C4099: Vector3: имя типа, ранее отображенное с помощью "struct", теперь отображено с помощью "class"
  c:\users\serg\documents\visual studio 2017\projects\fotorealystic_1\fotorealystic_1\matrix4x4.h(8): note:  см. объявление "Vector3"
  quad.cpp
c:\users\serg\documents\visual studio 2017\projects\fotorealystic_1\fotorealystic_1\material.h(9): warning C4099: Color: имя типа, ранее отображенное с помощью "struct", теперь отображено с помощью "class"
  c:\users\serg\documents\visual studio 2017\projects\fotorealystic_1\fotorealystic_1\color.h(7): note:  см. объявление "Color"
c:\users\serg\documents\visual studio 2017\projects\fotorealystic_1\fotorealystic_1\vector3.h(7): warning C4099: Vector3: имя типа, ранее отображенное с помощью "class", теперь отображено с помощью "struct"
  c:\users\serg\documents\visual studio 2017\projects\fotorealystic_1\fotorealystic_1\vector3.h(6): note:  см. объявление "Vector3"
c:\users\serg\documents\visual studio 2017\projects\fotorealystic_1\fotorealystic_1\object.h(14): warning C4099: Intersection: имя типа, ранее отображенное с помощью "class", теперь отображено с помощью "struct"
  c:\users\serg\documents\visual studio 2017\projects\fotorealystic_1\fotorealystic_1\object.h(13): note:  см. объявление "Intersection"
  plane.cpp
c:\users\serg\documents\visual studio 2017\projects\fotorealystic_1\fotorealystic_1\material.h(9): warning C4099: Color: имя типа, ранее отображенное с помощью "struct", теперь отображено с помощью "class"
  c:\users\serg\documents\visual studio 2017\projects\fotorealystic_1\fotorealystic_1\color.h(7): note:  см. объявление "Color"
c:\users\serg\documents\visual studio 2017\projects\fotorealystic_1\fotorealystic_1\phongmaterial.h(9): warning C4099: Vector3: имя типа, ранее отображенное с помощью "struct", теперь отображено с помощью "class"
  c:\users\serg\documents\visual studio 2017\projects\fotorealystic_1\fotorealystic_1\vector3.h(7): note:  см. объявление "Vector3"
c:\users\serg\documents\visual studio 2017\projects\fotorealystic_1\fotorealystic_1\object.h(14): warning C4099: Intersection: имя типа, ранее отображенное с помощью "class", теперь отображено с помощью "struct"
  c:\users\serg\documents\visual studio 2017\projects\fotorealystic_1\fotorealystic_1\object.h(13): note:  см. объявление "Intersection"
  phongMaterial.cpp
c:\users\serg\documents\visual studio 2017\projects\fotorealystic_1\fotorealystic_1\material.h(9): warning C4099: Color: имя типа, ранее отображенное с помощью "struct", теперь отображено с помощью "class"
  c:\users\serg\documents\visual studio 2017\projects\fotorealystic_1\fotorealystic_1\color.h(7): note:  см. объявление "Color"
c:\users\serg\documents\visual studio 2017\projects\fotorealystic_1\fotorealystic_1\vector3.h(7): warning C4099: Vector3: имя типа, ранее отображенное с помощью "class", теперь отображено с помощью "struct"
  c:\users\serg\documents\visual studio 2017\projects\fotorealystic_1\fotorealystic_1\vector3.h(6): note:  см. объявление "Vector3"
c:\users\serg\documents\visual studio 2017\projects\fotorealystic_1\fotorealystic_1\matrix4x4.h(8): warning C4099: Vector3: имя типа, ранее отображенное с помощью "struct", теперь отображено с помощью "class"
  c:\users\serg\documents\visual studio 2017\projects\fotorealystic_1\fotorealystic_1\vector3.h(7): note:  см. объявление "Vector3"
c:\users\serg\documents\visual studio 2017\projects\fotorealystic_1\fotorealystic_1\light.h(8): warning C4099: Vector3: имя типа, ранее отображенное с помощью "struct", теперь отображено с помощью "class"
  c:\users\serg\documents\visual studio 2017\projects\fotorealystic_1\fotorealystic_1\matrix4x4.h(8): note:  см. объявление "Vector3"
c:\users\serg\documents\visual studio 2017\projects\fotorealystic_1\fotorealystic_1\object.h(14): warning C4099: Intersection: имя типа, ранее отображенное с помощью "class", теперь отображено с помощью "struct"
  c:\users\serg\documents\visual studio 2017\projects\fotorealystic_1\fotorealystic_1\object.h(13): note:  см. объявление "Intersection"
c:\users\serg\documents\visual studio 2017\projects\fotorealystic_1\fotorealystic_1\image.h(7): warning C4099: Color: имя типа, ранее отображенное с помощью "struct", теперь отображено с помощью "class"
  c:\users\serg\documents\visual studio 2017\projects\fotorealystic_1\fotorealystic_1\material.h(9): note:  см. объявление "Color"
  object.cpp
c:\users\serg\documents\visual studio 2017\projects\fotorealystic_1\fotorealystic_1\material.h(9): warning C4099: Color: имя типа, ранее отображенное с помощью "struct", теперь отображено с помощью "class"
  c:\users\serg\documents\visual studio 2017\projects\fotorealystic_1\fotorealystic_1\color.h(7): note:  см. объявление "Color"
c:\users\serg\documents\visual studio 2017\projects\fotorealystic_1\fotorealystic_1\vector3.h(7): warning C4099: Vector3: имя типа, ранее отображенное с помощью "class", теперь отображено с помощью "struct"
  c:\users\serg\documents\visual studio 2017\projects\fotorealystic_1\fotorealystic_1\vector3.h(6): note:  см. объявление "Vector3"
c:\users\serg\documents\visual studio 2017\projects\fotorealystic_1\fotorealystic_1\object.h(14): warning C4099: Intersection: имя типа, ранее отображенное с помощью "class", теперь отображено с помощью "struct"
  c:\users\serg\documents\visual studio 2017\projects\fotorealystic_1\fotorealystic_1\object.h(13): note:  см. объявление "Intersection"
  objParser.cpp
c:\users\serg\documents\visual studio 2017\projects\fotorealystic_1\fotorealystic_1\material.h(9): warning C4099: Color: имя типа, ранее отображенное с помощью "struct", теперь отображено с помощью "class"
  c:\users\serg\documents\visual studio 2017\projects\fotorealystic_1\fotorealystic_1\color.h(7): note:  см. объявление "Color"
c:\users\serg\documents\visual studio 2017\projects\fotorealystic_1\fotorealystic_1\phongmaterial.h(9): warning C4099: Vector3: имя типа, ранее отображенное с помощью "struct", теперь отображено с помощью "class"
  c:\users\serg\documents\visual studio 2017\projects\fotorealystic_1\fotorealystic_1\vector3.h(7): note:  см. объявление "Vector3"
c:\users\serg\documents\visual studio 2017\projects\fotorealystic_1\fotorealystic_1\object.h(14): warning C4099: Intersection: имя типа, ранее отображенное с помощью "class", теперь отображено с помощью "struct"
  c:\users\serg\documents\visual studio 2017\projects\fotorealystic_1\fotorealystic_1\object.h(13): note:  см. объявление "Intersection"
c:\users\serg\documents\visual studio 2017\projects\fotorealystic_1\fotorealystic_1\triangle.h(8): warning C4099: Intersection: имя типа, ранее отображенное с помощью "struct", теперь отображено с помощью "class"
  c:\users\serg\documents\visual studio 2017\projects\fotorealystic_1\fotorealystic_1\object.h(14): note:  см. объявление "Intersection"
c:\users\serg\documents\visual studio 2017\projects\fotorealystic_1\fotorealystic_1\mesh.h(10): warning C4099: Vertex: имя типа, ранее отображенное с помощью "struct", теперь отображено с помощью "class"
  c:\users\serg\documents\visual studio 2017\projects\fotorealystic_1\fotorealystic_1\triangle.h(11): note:  см. объявление "Vertex"
c:\users\serg\documents\visual studio 2017\projects\fotorealystic_1\fotorealystic_1\objparser.cpp(110): warning C4018: <: несоответствие типов со знаком и без знака
  mtlParser.cpp
c:\users\serg\documents\visual studio 2017\projects\fotorealystic_1\fotorealystic_1\color.h(7): warning C4099: Color: имя типа, ранее отображенное с помощью "class", теперь отображено с помощью "struct"
  c:\users\serg\documents\visual studio 2017\projects\fotorealystic_1\fotorealystic_1\color.h(6): note:  см. объявление "Color"
c:\users\serg\documents\visual studio 2017\projects\fotorealystic_1\fotorealystic_1\material.h(9): warning C4099: Color: имя типа, ранее отображенное с помощью "struct", теперь отображено с помощью "class"
  c:\users\serg\documents\visual studio 2017\projects\fotorealystic_1\fotorealystic_1\color.h(7): note:  см. объявление "Color"
c:\users\serg\documents\visual studio 2017\projects\fotorealystic_1\fotorealystic_1\vector3.h(7): warning C4099: Vector3: имя типа, ранее отображенное с помощью "class", теперь отображено с помощью "struct"
  c:\users\serg\documents\visual studio 2017\projects\fotorealystic_1\fotorealystic_1\vector3.h(6): note:  см. объявление "Vector3"
  mesh.cpp
c:\users\serg\documents\visual studio 2017\projects\fotorealystic_1\fotorealystic_1\material.h(9): warning C4099: Color: имя типа, ранее отображенное с помощью "struct", теперь отображено с помощью "class"
  c:\users\serg\documents\visual studio 2017\projects\fotorealystic_1\fotorealystic_1\color.h(7): note:  см. объявление "Color"
c:\users\serg\documents\visual studio 2017\projects\fotorealystic_1\fotorealystic_1\vector3.h(7): warning C4099: Vector3: имя типа, ранее отображенное с помощью "class", теперь отображено с помощью "struct"
  c:\users\serg\documents\visual studio 2017\projects\fotorealystic_1\fotorealystic_1\vector3.h(6): note:  см. объявление "Vector3"
c:\users\serg\documents\visual studio 2017\projects\fotorealystic_1\fotorealystic_1\object.h(14): warning C4099: Intersection: имя типа, ранее отображенное с помощью "class", теперь отображено с помощью "struct"
  c:\users\serg\documents\visual studio 2017\projects\fotorealystic_1\fotorealystic_1\object.h(13): note:  см. объявление "Intersection"
c:\users\serg\documents\visual studio 2017\projects\fotorealystic_1\fotorealystic_1\triangle.h(8): warning C4099: Intersection: имя типа, ранее отображенное с помощью "struct", теперь отображено с помощью "class"
  c:\users\serg\documents\visual studio 2017\projects\fotorealystic_1\fotorealystic_1\object.h(14): note:  см. объявление "Intersection"
c:\users\serg\documents\visual studio 2017\projects\fotorealystic_1\fotorealystic_1\mesh.h(10): warning C4099: Vertex: имя типа, ранее отображенное с помощью "struct", теперь отображено с помощью "class"
  c:\users\serg\documents\visual studio 2017\projects\fotorealystic_1\fotorealystic_1\triangle.h(11): note:  см. объявление "Vertex"
c:\users\serg\documents\visual studio 2017\projects\fotorealystic_1\fotorealystic_1\matrix4x4.h(8): warning C4099: Vector3: имя типа, ранее отображенное с помощью "struct", теперь отображено с помощью "class"
  c:\users\serg\documents\visual studio 2017\projects\fotorealystic_1\fotorealystic_1\vector3.h(7): note:  см. объявление "Vector3"
c:\users\serg\documents\visual studio 2017\projects\fotorealystic_1\fotorealystic_1\mesh.cpp(38): warning C4018: <: несоответствие типов со знаком и без знака
  main.cpp
c:\users\serg\documents\visual studio 2017\projects\fotorealystic_1\fotorealystic_1\color.h(7): warning C4099: Color: имя типа, ранее отображенное с помощью "class", теперь отображено с помощью "struct"
  c:\users\serg\documents\visual studio 2017\projects\fotorealystic_1\fotorealystic_1\color.h(6): note:  см. объявление "Color"
c:\users\serg\documents\visual studio 2017\projects\fotorealystic_1\fotorealystic_1\phongmaterial.h(9): warning C4099: Vector3: имя типа, ранее отображенное с помощью "struct", теперь отображено с помощью "class"
  c:\users\serg\documents\visual studio 2017\projects\fotorealystic_1\fotorealystic_1\vector3.h(7): note:  см. объявление "Vector3"
c:\users\serg\documents\visual studio 2017\projects\fotorealystic_1\fotorealystic_1\object.h(14): warning C4099: Intersection: имя типа, ранее отображенное с помощью "class", теперь отображено с помощью "struct"
  c:\users\serg\documents\visual studio 2017\projects\fotorealystic_1\fotorealystic_1\object.h(13): note:  см. объявление "Intersection"
c:\users\serg\documents\visual studio 2017\projects\fotorealystic_1\fotorealystic_1\matrix4x4.h(8): warning C4099: Vector3: имя типа, ранее отображенное с помощью "struct", теперь отображено с помощью "class"
  c:\users\serg\documents\visual studio 2017\projects\fotorealystic_1\fotorealystic_1\phongmaterial.h(9): note:  см. объявление "Vector3"
c:\users\serg\documents\visual studio 2017\projects\fotorealystic_1\fotorealystic_1\light.h(8): warning C4099: Vector3: имя типа, ранее отображенное с помощью "struct", теперь отображено с помощью "class"
  c:\users\serg\documents\visual studio 2017\projects\fotorealystic_1\fotorealystic_1\matrix4x4.h(8): note:  см. объявление "Vector3"
c:\users\serg\documents\visual studio 2017\projects\fotorealystic_1\fotorealystic_1\triangle.h(8): warning C4099: Intersection: имя типа, ранее отображенное с помощью "struct", теперь отображено с помощью "class"
  c:\users\serg\documents\visual studio 2017\projects\fotorealystic_1\fotorealystic_1\object.h(14): note:  см. объявление "Intersection"
c:\users\serg\documents\visual studio 2017\projects\fotorealystic_1\fotorealystic_1\image.h(7): warning C4099: Color: имя типа, ранее отображенное с помощью "struct", теперь отображено с помощью "class"
  c:\users\serg\documents\visual studio 2017\projects\fotorealystic_1\fotorealystic_1\color.h(7): note:  см. объявление "Color"
c:\users\serg\documents\visual studio 2017\projects\fotorealystic_1\fotorealystic_1\mesh.h(10): warning C4099: Vertex: имя типа, ранее отображенное с помощью "struct", теперь отображено с помощью "class"
  c:\users\serg\documents\visual studio 2017\projects\fotorealystic_1\fotorealystic_1\triangle.h(11): note:  см. объявление "Vertex"
  Создание кода...
  Компиляция...
  logger.cpp
c:\users\serg\documents\visual studio 2017\projects\fotorealystic_1\fotorealystic_1\material.h(9): warning C4099: Color: имя типа, ранее отображенное с помощью "struct", теперь отображено с помощью "class"
  c:\users\serg\documents\visual studio 2017\projects\fotorealystic_1\fotorealystic_1\color.h(7): note:  см. объявление "Color"
c:\users\serg\documents\visual studio 2017\projects\fotorealystic_1\fotorealystic_1\vector3.h(7): warning C4099: Vector3: имя типа, ранее отображенное с помощью "class", теперь отображено с помощью "struct"
  c:\users\serg\documents\visual studio 2017\projects\fotorealystic_1\fotorealystic_1\vector3.h(6): note:  см. объявление "Vector3"
c:\users\serg\documents\visual studio 2017\projects\fotorealystic_1\fotorealystic_1\object.h(14): warning C4099: Intersection: имя типа, ранее отображенное с помощью "class", теперь отображено с помощью "struct"
  c:\users\serg\documents\visual studio 2017\projects\fotorealystic_1\fotorealystic_1\object.h(13): note:  см. объявление "Intersection"
c:\users\serg\documents\visual studio 2017\projects\fotorealystic_1\fotorealystic_1\logger.cpp(8): warning C4244: инициализация: преобразование "__int64" в "long", возможна потеря данных
  light.cpp
c:\users\serg\documents\visual studio 2017\projects\fotorealystic_1\fotorealystic_1\matrix4x4.h(8): warning C4099: Vector3: имя типа, ранее отображенное с помощью "struct", теперь отображено с помощью "class"
  c:\users\serg\documents\visual studio 2017\projects\fotorealystic_1\fotorealystic_1\vector3.h(7): note:  см. объявление "Vector3"
c:\users\serg\documents\visual studio 2017\projects\fotorealystic_1\fotorealystic_1\light.h(8): warning C4099: Vector3: имя типа, ранее отображенное с помощью "struct", теперь отображено с помощью "class"
  c:\users\serg\documents\visual studio 2017\projects\fotorealystic_1\fotorealystic_1\matrix4x4.h(8): note:  см. объявление "Vector3"
c:\users\serg\documents\visual studio 2017\projects\fotorealystic_1\fotorealystic_1\material.h(9): warning C4099: Color: имя типа, ранее отображенное с помощью "struct", теперь отображено с помощью "class"
  c:\users\serg\documents\visual studio 2017\projects\fotorealystic_1\fotorealystic_1\color.h(7): note:  см. объявление "Color"
c:\users\serg\documents\visual studio 2017\projects\fotorealystic_1\fotorealystic_1\phongmaterial.h(9): warning C4099: Vector3: имя типа, ранее отображенное с помощью "struct", теперь отображено с помощью "class"
  c:\users\serg\documents\visual studio 2017\projects\fotorealystic_1\fotorealystic_1\light.h(8): note:  см. объявление "Vector3"
c:\users\serg\documents\visual studio 2017\projects\fotorealystic_1\fotorealystic_1\object.h(14): warning C4099: Intersection: имя типа, ранее отображенное с помощью "class", теперь отображено с помощью "struct"
  c:\users\serg\documents\visual studio 2017\projects\fotorealystic_1\fotorealystic_1\object.h(13): note:  см. объявление "Intersection"
  areaLight.cpp
c:\users\serg\documents\visual studio 2017\projects\fotorealystic_1\fotorealystic_1\matrix4x4.h(8): warning C4099: Vector3: имя типа, ранее отображенное с помощью "struct", теперь отображено с помощью "class"
  c:\users\serg\documents\visual studio 2017\projects\fotorealystic_1\fotorealystic_1\vector3.h(7): note:  см. объявление "Vector3"
c:\users\serg\documents\visual studio 2017\projects\fotorealystic_1\fotorealystic_1\light.h(8): warning C4099: Vector3: имя типа, ранее отображенное с помощью "struct", теперь отображено с помощью "class"
  c:\users\serg\documents\visual studio 2017\projects\fotorealystic_1\fotorealystic_1\matrix4x4.h(8): note:  см. объявление "Vector3"
c:\users\serg\documents\visual studio 2017\projects\fotorealystic_1\fotorealystic_1\material.h(9): warning C4099: Color: имя типа, ранее отображенное с помощью "struct", теперь отображено с помощью "class"
  c:\users\serg\documents\visual studio 2017\projects\fotorealystic_1\fotorealystic_1\color.h(7): note:  см. объявление "Color"
c:\users\serg\documents\visual studio 2017\projects\fotorealystic_1\fotorealystic_1\phongmaterial.h(9): warning C4099: Vector3: имя типа, ранее отображенное с помощью "struct", теперь отображено с помощью "class"
  c:\users\serg\documents\visual studio 2017\projects\fotorealystic_1\fotorealystic_1\light.h(8): note:  см. объявление "Vector3"
c:\users\serg\documents\visual studio 2017\projects\fotorealystic_1\fotorealystic_1\object.h(14): warning C4099: Intersection: имя типа, ранее отображенное с помощью "class", теперь отображено с помощью "struct"
  c:\users\serg\documents\visual studio 2017\projects\fotorealystic_1\fotorealystic_1\object.h(13): note:  см. объявление "Intersection"
  Создание кода...
  Fotorealystic_1.vcxproj -> C:\Users\Serg\documents\visual studio 2017\Projects\Fotorealystic_1\bin\Win32\Debug\Fotorealystic_1.exe
  Fotorealystic_1.vcxproj -> C:\Users\Serg\documents\visual studio 2017\Projects\Fotorealystic_1\bin\Win32\Debug\Fotorealystic_1.pdb (Partial PDB)
